<?xml version="1.0" encoding="UTF-8"?>
<!-- Generated by org.testng.reporters.JUnitReportReporter -->
<testsuite hostname="BGSNIKMS3402" failures="0" tests="5" name="NewPostAndDeleteTest" time="32.882" errors="0" timestamp="2024-01-13T17:34:39 EET" skipped="0">
  <testcase classname="NewPostAndDeleteTest" name="testUploadImage" time="6.485"/>
  <system-out/>
  <testcase classname="NewPostAndDeleteTest" name="testUploadImage" time="6.534"/>
  <system-out/>
  <testcase classname="NewPostAndDeleteTest" name="testUploadImage" time="6.555"/>
  <system-out/>
  <testcase classname="NewPostAndDeleteTest" name="testUploadImage" time="6.584"/>
  <system-out/>
  <testcase classname="NewPostAndDeleteTest" name="testUploadImage" time="6.724"/>
  <system-out/>
</testsuite> <!-- NewPostAndDeleteTest -->
