<?xml version="1.0" encoding="UTF-8"?>
<!-- Generated by org.testng.reporters.JUnitReportReporter -->
<testsuite hostname="BGSNIKMS3402" failures="0" tests="5" name="RegisterUserTest" time="26.785" errors="0" timestamp="2024-01-13T17:34:39 EET" skipped="0">
  <testcase classname="RegisterUserTest" name="registrationUser" time="5.190"/>
  <system-out/>
  <testcase classname="RegisterUserTest" name="registrationUser" time="5.130"/>
  <system-out/>
  <testcase classname="RegisterUserTest" name="registrationUser" time="6.099"/>
  <system-out/>
  <testcase classname="RegisterUserTest" name="registrationUser" time="5.282"/>
  <system-out/>
  <testcase classname="RegisterUserTest" name="registrationUser" time="5.084"/>
  <system-out/>
</testsuite> <!-- RegisterUserTest -->
