<?xml version="1.0" encoding="UTF-8"?>
<!-- Generated by org.testng.reporters.JUnitReportReporter -->
<testsuite hostname="BGSNIKMS3402" failures="0" tests="5" name="EditProfileTest" time="22.712" errors="0" timestamp="2024-01-13T17:34:39 EET" skipped="0">
  <testcase classname="EditProfileTest" name="EditProfile" time="4.406"/>
  <system-out/>
  <testcase classname="EditProfileTest" name="EditProfile" time="4.437"/>
  <system-out/>
  <testcase classname="EditProfileTest" name="EditProfile" time="4.686"/>
  <system-out/>
  <testcase classname="EditProfileTest" name="EditProfile" time="4.569"/>
  <system-out/>
  <testcase classname="EditProfileTest" name="EditProfile" time="4.614"/>
  <system-out/>
</testsuite> <!-- EditProfileTest -->
