<?xml version="1.0" encoding="UTF-8"?>
<!-- Generated by org.testng.reporters.JUnitReportReporter -->
<testsuite hostname="BGSNIKMS3402" failures="0" tests="5" name="FollowAndUnfollowUserTest" time="23.892" errors="0" timestamp="2024-01-13T17:34:39 EET" skipped="0">
  <testcase classname="FollowAndUnfollowUserTest" name="FollowAndUnfollowUser" time="4.762"/>
  <system-out/>
  <testcase classname="FollowAndUnfollowUserTest" name="FollowAndUnfollowUser" time="4.758"/>
  <system-out/>
  <testcase classname="FollowAndUnfollowUserTest" name="FollowAndUnfollowUser" time="4.864"/>
  <system-out/>
  <testcase classname="FollowAndUnfollowUserTest" name="FollowAndUnfollowUser" time="4.909"/>
  <system-out/>
  <testcase classname="FollowAndUnfollowUserTest" name="FollowAndUnfollowUser" time="4.599"/>
  <system-out/>
</testsuite> <!-- FollowAndUnfollowUserTest -->
